# JRE version: Java(TM) SE Runtime Environment (25.0.1+8) (build 25.0.1+8-LTS-27)
# Java VM: Java HotSpot(TM) 64-Bit Server VM (25.0.1+8-LTS-27, mixed mode, sharing, tiered, compressed oops, compressed class ptrs, g1 gc, windows-amd64)
GC Precious Log:
 CardTable entry size: 512
 Card Set container configuration: InlinePtr #cards 5 size 8 Array Of Cards #cards 10 size 36 Howl #buckets 4 coarsen threshold 1843 Howl Bitmap #cards 512 size 80 coarsen threshold 460 Card regions per heap region 1 cards per card region 2048
 CPUs: 4 total, 4 available
 Memory: 7544M
 Large Page Support: Disabled
 NUMA Support: Disabled
 Compressed Oops: Enabled (32-bit)
 Heap Region Size: 1M
 Heap Min Capacity: 8M
 Heap Initial Capacity: 118M
 Heap Max Capacity: 1888M
 Pre-touch: Disabled
 Parallel Workers: 4
 Concurrent Workers: 1
 Concurrent Refinement Workers: 4
 Periodic GC: Disabled
Heap:
 garbage-first heap   total reserved 1933312K, committed 131072K, used 99745K [0x000000008a000000, 0x0000000100000000)
  region size 1024K, 17 young (17408K), 5 survivors (5120K)
GC Heap Usage History (20 events):
Event: 3.289 {heap Before GC invocations=6 (full 0):
 garbage-first heap   total reserved 1933312K, committed 58368K, used 45116K [0x000000008a000000, 0x0000000100000000)
  region size 1024K, 13 young (13312K), 3 survivors (3072K)
}
Event: 3.296 {heap After GC invocations=7 (full 0):
 garbage-first heap   total reserved 1933312K, committed 58368K, used 38460K [0x000000008a000000, 0x0000000100000000)
  region size 1024K, 2 young (2048K), 2 survivors (2048K)
}
Event: 3.661 {heap Before GC invocations=8 (full 0):
 garbage-first heap   total reserved 1933312K, committed 65536K, used 47676K [0x000000008a000000, 0x0000000100000000)
  region size 1024K, 11 young (11264K), 2 survivors (2048K)
}
Event: 3.666 {heap After GC invocations=9 (full 0):
 garbage-first heap   total reserved 1933312K, committed 65536K, used 40442K [0x000000008a000000, 0x0000000100000000)
  region size 1024K, 2 young (2048K), 2 survivors (2048K)
}
Event: 4.239 {heap Before GC invocations=9 (full 0):
 garbage-first heap   total reserved 1933312K, committed 65536K, used 52730K [0x000000008a000000, 0x0000000100000000)
  region size 1024K, 14 young (14336K), 2 survivors (2048K)
}
Event: 4.246 {heap After GC invocations=10 (full 0):
 garbage-first heap   total reserved 1933312K, committed 131072K, used 42832K [0x000000008a000000, 0x0000000100000000)
  region size 1024K, 2 young (2048K), 2 survivors (2048K)
}
Event: 5.366 {heap Before GC invocations=10 (full 0):
 garbage-first heap   total reserved 1933312K, committed 131072K, used 93008K [0x000000008a000000, 0x0000000100000000)
  region size 1024K, 52 young (53248K), 2 survivors (2048K)
}
Event: 5.375 {heap After GC invocations=11 (full 0):
 garbage-first heap   total reserved 1933312K, committed 131072K, used 48639K [0x000000008a000000, 0x0000000100000000)
  region size 1024K, 7 young (7168K), 7 survivors (7168K)
}
Event: 5.763 {heap Before GC invocations=11 (full 0):
 garbage-first heap   total reserved 1933312K, committed 131072K, used 60927K [0x000000008a000000, 0x0000000100000000)
  region size 1024K, 20 young (20480K), 7 survivors (7168K)
}
Event: 5.772 {heap After GC invocations=12 (full 0):
 garbage-first heap   total reserved 1933312K, committed 131072K, used 51776K [0x000000008a000000, 0x0000000100000000)
  region size 1024K, 3 young (3072K), 3 survivors (3072K)
}
Event: 6.545 {heap Before GC invocations=13 (full 0):
 garbage-first heap   total reserved 1933312K, committed 131072K, used 107072K [0x000000008a000000, 0x0000000100000000)
  region size 1024K, 56 young (57344K), 3 survivors (3072K)
}
Event: 6.561 {heap After GC invocations=14 (full 0):
 garbage-first heap   total reserved 1933312K, committed 131072K, used 65596K [0x000000008a000000, 0x0000000100000000)
  region size 1024K, 7 young (7168K), 7 survivors (7168K)
}
Event: 12.521 {heap Before GC invocations=14 (full 0):
 garbage-first heap   total reserved 1933312K, committed 131072K, used 105532K [0x000000008a000000, 0x0000000100000000)
  region size 1024K, 46 young (47104K), 7 survivors (7168K)
}
Event: 12.536 {heap After GC invocations=15 (full 0):
 garbage-first heap   total reserved 1933312K, committed 131072K, used 71581K [0x000000008a000000, 0x0000000100000000)
  region size 1024K, 6 young (6144K), 6 survivors (6144K)
}
Event: 16.260 {heap Before GC invocations=15 (full 0):
 garbage-first heap   total reserved 1933312K, committed 131072K, used 108445K [0x000000008a000000, 0x0000000100000000)
  region size 1024K, 42 young (43008K), 6 survivors (6144K)
}
Event: 16.272 {heap After GC invocations=16 (full 0):
 garbage-first heap   total reserved 1933312K, committed 131072K, used 75963K [0x000000008a000000, 0x0000000100000000)
  region size 1024K, 5 young (5120K), 5 survivors (5120K)
}
Event: 18.675 {heap Before GC invocations=17 (full 0):
 garbage-first heap   total reserved 1933312K, committed 131072K, used 111803K [0x000000008a000000, 0x0000000100000000)
  region size 1024K, 40 young (40960K), 5 survivors (5120K)
}
Event: 18.694 {heap After GC invocations=18 (full 0):
 garbage-first heap   total reserved 1933312K, committed 131072K, used 83364K [0x000000008a000000, 0x0000000100000000)
  region size 1024K, 5 young (5120K), 5 survivors (5120K)
}
Event: 20.431 {heap Before GC invocations=18 (full 0):
 garbage-first heap   total reserved 1933312K, committed 131072K, used 114084K [0x000000008a000000, 0x0000000100000000)
  region size 1024K, 35 young (35840K), 5 survivors (5120K)
}
Event: 20.446 {heap After GC invocations=19 (full 0):
 garbage-first heap   total reserved 1933312K, committed 131072K, used 88481K [0x000000008a000000, 0x0000000100000000)
  region size 1024K, 5 young (5120K), 5 survivors (5120K)
}

