# JRE version: Java(TM) SE Runtime Environment (25.0.1+8) (build 25.0.1+8-LTS-27)
# Java VM: Java HotSpot(TM) 64-Bit Server VM (25.0.1+8-LTS-27, mixed mode, sharing, tiered, compressed oops, compressed class ptrs, g1 gc, windows-amd64)
GC Precious Log:
 CardTable entry size: 512
 Card Set container configuration: InlinePtr #cards 4 size 8 Array Of Cards #cards 32 size 80 Howl #buckets 8 coarsen threshold 7372 Howl Bitmap #cards 1024 size 144 coarsen threshold 921 Card regions per heap region 1 cards per card region 8192
 CPUs: 4 total, 4 available
 Memory: 7544M
 Large Page Support: Disabled
 NUMA Support: Disabled
 Compressed Oops: Enabled (Zero based)
 Heap Region Size: 4M
 Heap Min Capacity: 8M
 Heap Initial Capacity: 120M
 Heap Max Capacity: 8G
 Pre-touch: Disabled
 Parallel Workers: 4
 Concurrent Workers: 1
 Concurrent Refinement Workers: 4
 Periodic GC: Disabled
Heap:
 garbage-first heap   total reserved 8388608K, committed 217088K, used 141256K [0x0000000600000000, 0x0000000800000000)
  region size 4096K, 9 young (36864K), 3 survivors (12288K)
GC Heap Usage History (20 events):
Event: 62.174 {heap Before GC invocations=31 (full 0):
 garbage-first heap   total reserved 8388608K, committed 139264K, used 108055K [0x0000000600000000, 0x0000000800000000)
  region size 4096K, 8 young (32768K), 1 survivors (4096K)
}
Event: 62.184 {heap After GC invocations=32 (full 0):
 garbage-first heap   total reserved 8388608K, committed 139264K, used 82856K [0x0000000600000000, 0x0000000800000000)
  region size 4096K, 1 young (4096K), 1 survivors (4096K)
}
Event: 63.164 {heap Before GC invocations=32 (full 0):
 garbage-first heap   total reserved 8388608K, committed 139264K, used 119720K [0x0000000600000000, 0x0000000800000000)
  region size 4096K, 11 young (45056K), 1 survivors (4096K)
}
Event: 63.174 {heap After GC invocations=33 (full 0):
 garbage-first heap   total reserved 8388608K, committed 139264K, used 85645K [0x0000000600000000, 0x0000000800000000)
  region size 4096K, 2 young (8192K), 2 survivors (8192K)
}
Event: 63.750 {heap Before GC invocations=33 (full 0):
 garbage-first heap   total reserved 8388608K, committed 139264K, used 122509K [0x0000000600000000, 0x0000000800000000)
  region size 4096K, 11 young (45056K), 2 survivors (8192K)
}
Event: 63.759 {heap After GC invocations=34 (full 0):
 garbage-first heap   total reserved 8388608K, committed 139264K, used 87484K [0x0000000600000000, 0x0000000800000000)
  region size 4096K, 2 young (8192K), 2 survivors (8192K)
}
Event: 65.291 {heap Before GC invocations=35 (full 0):
 garbage-first heap   total reserved 8388608K, committed 151552K, used 120252K [0x0000000600000000, 0x0000000800000000)
  region size 4096K, 11 young (45056K), 2 survivors (8192K)
}
Event: 65.302 {heap After GC invocations=36 (full 0):
 garbage-first heap   total reserved 8388608K, committed 151552K, used 89512K [0x0000000600000000, 0x0000000800000000)
  region size 4096K, 2 young (8192K), 2 survivors (8192K)
}
Event: 67.011 {heap Before GC invocations=36 (full 0):
 garbage-first heap   total reserved 8388608K, committed 151552K, used 130472K [0x0000000600000000, 0x0000000800000000)
  region size 4096K, 13 young (53248K), 2 survivors (8192K)
}
Event: 67.029 {heap After GC invocations=37 (full 0):
 garbage-first heap   total reserved 8388608K, committed 159744K, used 100669K [0x0000000600000000, 0x0000000800000000)
  region size 4096K, 2 young (8192K), 2 survivors (8192K)
}
Event: 68.439 {heap Before GC invocations=37 (full 0):
 garbage-first heap   total reserved 8388608K, committed 159744K, used 137533K [0x0000000600000000, 0x0000000800000000)
  region size 4096K, 11 young (45056K), 2 survivors (8192K)
}
Event: 68.451 {heap After GC invocations=38 (full 0):
 garbage-first heap   total reserved 8388608K, committed 159744K, used 104264K [0x0000000600000000, 0x0000000800000000)
  region size 4096K, 1 young (4096K), 1 survivors (4096K)
}
Event: 69.186 {heap Before GC invocations=39 (full 0):
 garbage-first heap   total reserved 8388608K, committed 180224K, used 132936K [0x0000000600000000, 0x0000000800000000)
  region size 4096K, 9 young (36864K), 1 survivors (4096K)
}
Event: 69.196 {heap After GC invocations=40 (full 0):
 garbage-first heap   total reserved 8388608K, committed 180224K, used 107386K [0x0000000600000000, 0x0000000800000000)
  region size 4096K, 2 young (8192K), 2 survivors (8192K)
}
Event: 70.243 {heap Before GC invocations=40 (full 0):
 garbage-first heap   total reserved 8388608K, committed 180224K, used 148346K [0x0000000600000000, 0x0000000800000000)
  region size 4096K, 13 young (53248K), 2 survivors (8192K)
}
Event: 70.256 {heap After GC invocations=41 (full 0):
 garbage-first heap   total reserved 8388608K, committed 180224K, used 109254K [0x0000000600000000, 0x0000000800000000)
  region size 4096K, 2 young (8192K), 2 survivors (8192K)
}
Event: 71.295 {heap Before GC invocations=41 (full 0):
 garbage-first heap   total reserved 8388608K, committed 180224K, used 158406K [0x0000000600000000, 0x0000000800000000)
  region size 4096K, 14 young (57344K), 2 survivors (8192K)
}
Event: 71.302 {heap After GC invocations=42 (full 0):
 garbage-first heap   total reserved 8388608K, committed 217088K, used 112474K [0x0000000600000000, 0x0000000800000000)
  region size 4096K, 1 young (4096K), 1 survivors (4096K)
}
Event: 73.469 {heap Before GC invocations=43 (full 0):
 garbage-first heap   total reserved 8388608K, committed 217088K, used 186202K [0x0000000600000000, 0x0000000800000000)
  region size 4096K, 19 young (77824K), 1 survivors (4096K)
}
Event: 73.478 {heap After GC invocations=44 (full 0):
 garbage-first heap   total reserved 8388608K, committed 217088K, used 120776K [0x0000000600000000, 0x0000000800000000)
  region size 4096K, 3 young (12288K), 3 survivors (12288K)
}

