# JRE version: Java(TM) SE Runtime Environment (25.0.1+8) (build 25.0.1+8-LTS-27)
# Java VM: Java HotSpot(TM) 64-Bit Server VM (25.0.1+8-LTS-27, mixed mode, sharing, tiered, compressed oops, compressed class ptrs, g1 gc, windows-amd64)
GC Precious Log:
 CardTable entry size: 512
 Card Set container configuration: InlinePtr #cards 4 size 8 Array Of Cards #cards 32 size 80 Howl #buckets 8 coarsen threshold 7372 Howl Bitmap #cards 1024 size 144 coarsen threshold 921 Card regions per heap region 1 cards per card region 8192
 CPUs: 4 total, 4 available
 Memory: 7544M
 Large Page Support: Disabled
 NUMA Support: Disabled
 Compressed Oops: Enabled (Zero based)
 Heap Region Size: 4M
 Heap Min Capacity: 8M
 Heap Initial Capacity: 120M
 Heap Max Capacity: 8G
 Pre-touch: Disabled
 Parallel Workers: 4
 Concurrent Workers: 1
 Concurrent Refinement Workers: 4
 Periodic GC: Disabled
Heap:
 garbage-first heap   total reserved 8388608K, committed 131072K, used 104919K [0x0000000600000000, 0x0000000800000000)
  region size 4096K, 8 young (32768K), 1 survivors (4096K)
GC Heap Usage History (20 events):
Event: 44.451 {heap Before GC invocations=20 (full 0):
 garbage-first heap   total reserved 8388608K, committed 106496K, used 88058K [0x0000000600000000, 0x0000000800000000)
  region size 4096K, 8 young (32768K), 1 survivors (4096K)
}
Event: 44.460 {heap After GC invocations=21 (full 0):
 garbage-first heap   total reserved 8388608K, committed 106496K, used 59112K [0x0000000600000000, 0x0000000800000000)
  region size 4096K, 1 young (4096K), 1 survivors (4096K)
}
Event: 45.281 {heap Before GC invocations=21 (full 0):
 garbage-first heap   total reserved 8388608K, committed 106496K, used 91880K [0x0000000600000000, 0x0000000800000000)
  region size 4096K, 9 young (36864K), 1 survivors (4096K)
}
Event: 45.286 {heap After GC invocations=22 (full 0):
 garbage-first heap   total reserved 8388608K, committed 106496K, used 59888K [0x0000000600000000, 0x0000000800000000)
  region size 4096K, 1 young (4096K), 1 survivors (4096K)
}
Event: 46.681 {heap Before GC invocations=23 (full 0):
 garbage-first heap   total reserved 8388608K, committed 106496K, used 96752K [0x0000000600000000, 0x0000000800000000)
  region size 4096K, 10 young (40960K), 1 survivors (4096K)
}
Event: 46.687 {heap After GC invocations=24 (full 0):
 garbage-first heap   total reserved 8388608K, committed 106496K, used 63041K [0x0000000600000000, 0x0000000800000000)
  region size 4096K, 2 young (8192K), 2 survivors (8192K)
}
Event: 47.484 {heap Before GC invocations=24 (full 0):
 garbage-first heap   total reserved 8388608K, committed 106496K, used 95809K [0x0000000600000000, 0x0000000800000000)
  region size 4096K, 10 young (40960K), 2 survivors (8192K)
}
Event: 47.490 {heap After GC invocations=25 (full 0):
 garbage-first heap   total reserved 8388608K, committed 114688K, used 62954K [0x0000000600000000, 0x0000000800000000)
  region size 4096K, 2 young (8192K), 2 survivors (8192K)
}
Event: 49.076 {heap Before GC invocations=25 (full 0):
 garbage-first heap   total reserved 8388608K, committed 114688K, used 99818K [0x0000000600000000, 0x0000000800000000)
  region size 4096K, 11 young (45056K), 2 survivors (8192K)
}
Event: 49.084 {heap After GC invocations=26 (full 0):
 garbage-first heap   total reserved 8388608K, committed 114688K, used 67166K [0x0000000600000000, 0x0000000800000000)
  region size 4096K, 2 young (8192K), 2 survivors (8192K)
}
Event: 55.050 {heap Before GC invocations=27 (full 0):
 garbage-first heap   total reserved 8388608K, committed 118784K, used 99934K [0x0000000600000000, 0x0000000800000000)
  region size 4096K, 11 young (45056K), 2 survivors (8192K)
}
Event: 55.060 {heap After GC invocations=28 (full 0):
 garbage-first heap   total reserved 8388608K, committed 118784K, used 70833K [0x0000000600000000, 0x0000000800000000)
  region size 4096K, 2 young (8192K), 2 survivors (8192K)
}
Event: 56.503 {heap Before GC invocations=28 (full 0):
 garbage-first heap   total reserved 8388608K, committed 118784K, used 103601K [0x0000000600000000, 0x0000000800000000)
  region size 4096K, 10 young (40960K), 2 survivors (8192K)
}
Event: 56.516 {heap After GC invocations=29 (full 0):
 garbage-first heap   total reserved 8388608K, committed 118784K, used 71580K [0x0000000600000000, 0x0000000800000000)
  region size 4096K, 2 young (8192K), 2 survivors (8192K)
}
Event: 103.707 {heap Before GC invocations=29 (full 0):
 garbage-first heap   total reserved 8388608K, committed 118784K, used 100252K [0x0000000600000000, 0x0000000800000000)
  region size 4096K, 10 young (40960K), 2 survivors (8192K)
}
Event: 103.721 {heap After GC invocations=30 (full 0):
 garbage-first heap   total reserved 8388608K, committed 118784K, used 74353K [0x0000000600000000, 0x0000000800000000)
  region size 4096K, 2 young (8192K), 2 survivors (8192K)
}
Event: 107.921 {heap Before GC invocations=31 (full 0):
 garbage-first heap   total reserved 8388608K, committed 131072K, used 103025K [0x0000000600000000, 0x0000000800000000)
  region size 4096K, 9 young (36864K), 2 survivors (8192K)
}
Event: 107.939 {heap After GC invocations=32 (full 0):
 garbage-first heap   total reserved 8388608K, committed 131072K, used 78580K [0x0000000600000000, 0x0000000800000000)
  region size 4096K, 2 young (8192K), 2 survivors (8192K)
}
Event: 108.414 {heap Before GC invocations=32 (full 0):
 garbage-first heap   total reserved 8388608K, committed 131072K, used 115444K [0x0000000600000000, 0x0000000800000000)
  region size 4096K, 11 young (45056K), 2 survivors (8192K)
}
Event: 108.426 {heap After GC invocations=33 (full 0):
 garbage-first heap   total reserved 8388608K, committed 131072K, used 80343K [0x0000000600000000, 0x0000000800000000)
  region size 4096K, 1 young (4096K), 1 survivors (4096K)
}

